[ 2015-06-06T14:56:29+08:00 ] ::1 /index.php/p44/login/pid/44/gid/24/sid/1/o_system/ios
INFO: [ app_init ] --START--
INFO: Run Behavior\BuildLiteBehavior [ RunTime:0.000000s ]
INFO: [ app_init ] --END-- [ RunTime:0.001000s ]
ERR: 无法加载模块:P44

[ 2015-06-06T14:58:31+08:00 ] ::1 /index.php/p44/login/pid/44/gid/24/sid/1/o_system/ios
INFO: [ app_init ] --START--
INFO: Run Behavior\BuildLiteBehavior [ RunTime:0.000000s ]
INFO: [ app_init ] --END-- [ RunTime:0.000000s ]
ERR: 无法加载模块:P44

[ 2015-06-06T14:58:33+08:00 ] ::1 /index.php/p44/login/pid/44/gid/24/sid/1/o_system/ios
INFO: [ app_init ] --START--
INFO: Run Behavior\BuildLiteBehavior [ RunTime:0.000000s ]
INFO: [ app_init ] --END-- [ RunTime:0.001000s ]
ERR: 无法加载模块:P44

[ 2015-06-06T14:58:34+08:00 ] ::1 /index.php/p44/login/pid/44/gid/24/sid/1/o_system/ios
INFO: [ app_init ] --START--
INFO: Run Behavior\BuildLiteBehavior [ RunTime:0.000000s ]
INFO: [ app_init ] --END-- [ RunTime:0.000000s ]
ERR: 无法加载模块:P44

[ 2015-06-06T14:59:18+08:00 ] ::1 /index.php/p44/login/pid/44/gid/24/sid/1/o_system/ios
INFO: [ app_init ] --START--
INFO: Run Behavior\BuildLiteBehavior [ RunTime:0.000000s ]
INFO: [ app_init ] --END-- [ RunTime:0.001000s ]
ERR: 无法加载模块:P44

[ 2015-06-06T14:59:19+08:00 ] ::1 /index.php/p44/login/pid/44/gid/24/sid/1/o_system/ios
INFO: [ app_init ] --START--
INFO: Run Behavior\BuildLiteBehavior [ RunTime:0.000000s ]
INFO: [ app_init ] --END-- [ RunTime:0.001000s ]
ERR: 无法加载模块:P44

