[ 2015-06-06T14:53:22+08:00 ] ::1 /
INFO: [ app_init ] --START--
INFO: Run Behavior\BuildLiteBehavior [ RunTime:0.000000s ]
INFO: [ app_init ] --END-- [ RunTime:0.001000s ]
INFO: [ app_begin ] --START--
INFO: Run Behavior\ReadHtmlCacheBehavior [ RunTime:0.001000s ]
INFO: [ app_begin ] --END-- [ RunTime:0.001000s ]
NOTIC: [2] session_start(): open(C:\Windows\TEMP\sess_avgacgepakug5l0elfgpkll831, O_RDWR) failed: Permission denied (13) E:\web\xzns\ThinkPHP\Common\functions.php 第 1263 行.
INFO: [ view_parse ] --START--
INFO: [ template_filter ] --START--
INFO: Run Behavior\ContentReplaceBehavior [ RunTime:0.000000s ]
INFO: [ template_filter ] --END-- [ RunTime:0.000000s ]
INFO: Run Behavior\ParseTemplateBehavior [ RunTime:0.020002s ]
INFO: [ view_parse ] --END-- [ RunTime:0.020002s ]
INFO: [ view_filter ] --START--
INFO: Run Behavior\WriteHtmlCacheBehavior [ RunTime:0.001000s ]
INFO: [ view_filter ] --END-- [ RunTime:0.001000s ]
INFO: [ app_end ] --START--
INFO: Run Behavior\ShowPageTraceBehavior [ RunTime:0.000000s ]
INFO: [ app_end ] --END-- [ RunTime:0.000000s ]

[ 2015-06-06T14:54:02+08:00 ] ::1 /
INFO: [ app_init ] --START--
INFO: Run Behavior\BuildLiteBehavior [ RunTime:0.000000s ]
INFO: [ app_init ] --END-- [ RunTime:0.000000s ]
INFO: [ app_begin ] --START--
INFO: Run Behavior\ReadHtmlCacheBehavior [ RunTime:0.000000s ]
INFO: [ app_begin ] --END-- [ RunTime:0.000000s ]
NOTIC: [2] session_start(): open(C:\Windows\TEMP\sess_avgacgepakug5l0elfgpkll831, O_RDWR) failed: Permission denied (13) E:\web\xzns\ThinkPHP\Common\functions.php 第 1263 行.
INFO: [ view_parse ] --START--
INFO: Run Behavior\ParseTemplateBehavior [ RunTime:0.000000s ]
INFO: [ view_parse ] --END-- [ RunTime:0.000000s ]
INFO: [ view_filter ] --START--
INFO: Run Behavior\WriteHtmlCacheBehavior [ RunTime:0.001000s ]
INFO: [ view_filter ] --END-- [ RunTime:0.001000s ]
INFO: [ app_end ] --START--
INFO: Run Behavior\ShowPageTraceBehavior [ RunTime:0.000000s ]
INFO: [ app_end ] --END-- [ RunTime:0.000000s ]

[ 2015-06-06T14:54:03+08:00 ] ::1 /
INFO: [ app_init ] --START--
INFO: Run Behavior\BuildLiteBehavior [ RunTime:0.000000s ]
INFO: [ app_init ] --END-- [ RunTime:0.000000s ]
INFO: [ app_begin ] --START--
INFO: Run Behavior\ReadHtmlCacheBehavior [ RunTime:0.000000s ]
INFO: [ app_begin ] --END-- [ RunTime:0.000000s ]
NOTIC: [2] session_start(): open(C:\Windows\TEMP\sess_avgacgepakug5l0elfgpkll831, O_RDWR) failed: Permission denied (13) E:\web\xzns\ThinkPHP\Common\functions.php 第 1263 行.
INFO: [ view_parse ] --START--
INFO: Run Behavior\ParseTemplateBehavior [ RunTime:0.000000s ]
INFO: [ view_parse ] --END-- [ RunTime:0.000000s ]
INFO: [ view_filter ] --START--
INFO: Run Behavior\WriteHtmlCacheBehavior [ RunTime:0.000000s ]
INFO: [ view_filter ] --END-- [ RunTime:0.000000s ]
INFO: [ app_end ] --START--
INFO: Run Behavior\ShowPageTraceBehavior [ RunTime:0.000000s ]
INFO: [ app_end ] --END-- [ RunTime:0.000000s ]

[ 2015-06-06T14:56:00+08:00 ] ::1 /
INFO: [ app_init ] --START--
INFO: Run Behavior\BuildLiteBehavior [ RunTime:0.000000s ]
INFO: [ app_init ] --END-- [ RunTime:0.001000s ]
INFO: [ app_begin ] --START--
INFO: Run Behavior\ReadHtmlCacheBehavior [ RunTime:0.001000s ]
INFO: [ app_begin ] --END-- [ RunTime:0.001000s ]
NOTIC: [2] session_start(): open(C:\Windows\TEMP\sess_avgacgepakug5l0elfgpkll831, O_RDWR) failed: Permission denied (13) E:\web\xzns\ThinkPHP\Common\functions.php 第 1263 行.
INFO: [ app_end ] --START--
INFO: Run Behavior\ShowPageTraceBehavior [ RunTime:0.000000s ]
INFO: [ app_end ] --END-- [ RunTime:0.000000s ]

[ 2015-06-06T15:00:04+08:00 ] ::1 /index.php/Home/p44/login/pid/44/gid/24/sid/1/o_system/ios
INFO: [ app_init ] --START--
INFO: Run Behavior\BuildLiteBehavior [ RunTime:0.000000s ]
INFO: [ app_init ] --END-- [ RunTime:0.001000s ]
INFO: [ app_begin ] --START--
INFO: Run Behavior\ReadHtmlCacheBehavior [ RunTime:0.001000s ]
INFO: [ app_begin ] --END-- [ RunTime:0.001000s ]
NOTIC: [2] session_start(): open(C:\Windows\TEMP\sess_avgacgepakug5l0elfgpkll831, O_RDWR) failed: Permission denied (13) E:\web\xzns\ThinkPHP\Common\functions.php 第 1263 行.
ERR: 非法操作:login

[ 2015-06-06T15:00:46+08:00 ] ::1 /index.php/Home/p44/login/pid/44/gid/24/sid/1/o_system/ios
INFO: [ app_init ] --START--
INFO: Run Behavior\BuildLiteBehavior [ RunTime:0.000000s ]
INFO: [ app_init ] --END-- [ RunTime:0.000000s ]
INFO: [ app_begin ] --START--
INFO: Run Behavior\ReadHtmlCacheBehavior [ RunTime:0.000000s ]
INFO: [ app_begin ] --END-- [ RunTime:0.001000s ]
NOTIC: [2] session_start(): open(C:\Windows\TEMP\sess_avgacgepakug5l0elfgpkll831, O_RDWR) failed: Permission denied (13) E:\web\xzns\ThinkPHP\Common\functions.php 第 1263 行.
INFO: [ app_end ] --START--
INFO: Run Behavior\ShowPageTraceBehavior [ RunTime:0.000000s ]
INFO: [ app_end ] --END-- [ RunTime:0.000000s ]

[ 2015-06-06T15:01:23+08:00 ] ::1 /index.php/Home/p44/login/pid/44/gid/24/sid/1/o_system/ios
INFO: [ app_init ] --START--
INFO: Run Behavior\BuildLiteBehavior [ RunTime:0.000000s ]
INFO: [ app_init ] --END-- [ RunTime:0.000000s ]
INFO: [ app_begin ] --START--
INFO: Run Behavior\ReadHtmlCacheBehavior [ RunTime:0.000000s ]
INFO: [ app_begin ] --END-- [ RunTime:0.000000s ]
NOTIC: [2] session_start(): open(C:\Windows\TEMP\sess_avgacgepakug5l0elfgpkll831, O_RDWR) failed: Permission denied (13) E:\web\xzns\ThinkPHP\Common\functions.php 第 1263 行.
INFO: [ app_end ] --START--
INFO: Run Behavior\ShowPageTraceBehavior [ RunTime:0.000000s ]
INFO: [ app_end ] --END-- [ RunTime:0.000000s ]

[ 2015-06-06T15:05:24+08:00 ] ::1 /index.php/p44/login/pid/44/gid/24/sid/1/o_system/ios
INFO: [ app_init ] --START--
INFO: Run Behavior\BuildLiteBehavior [ RunTime:0.000000s ]
INFO: [ app_init ] --END-- [ RunTime:0.001000s ]
INFO: [ app_begin ] --START--
INFO: Run Behavior\ReadHtmlCacheBehavior [ RunTime:0.001000s ]
INFO: [ app_begin ] --END-- [ RunTime:0.001000s ]
NOTIC: [2] session_start(): open(C:\Windows\TEMP\sess_avgacgepakug5l0elfgpkll831, O_RDWR) failed: Permission denied (13) E:\web\xzns\ThinkPHP\Common\functions.php 第 1263 行.
INFO: [ app_end ] --START--
INFO: Run Behavior\ShowPageTraceBehavior [ RunTime:0.001000s ]
INFO: [ app_end ] --END-- [ RunTime:0.001000s ]

[ 2015-06-06T15:21:36+08:00 ] ::1 /index.php/p44/login/pid/44/gid/24/sid/1/o_system/android
INFO: [ app_init ] --START--
INFO: Run Behavior\BuildLiteBehavior [ RunTime:0.000000s ]
INFO: [ app_init ] --END-- [ RunTime:0.001000s ]
INFO: [ app_begin ] --START--
INFO: Run Behavior\ReadHtmlCacheBehavior [ RunTime:0.000000s ]
INFO: [ app_begin ] --END-- [ RunTime:0.000000s ]
NOTIC: [2] session_start(): open(C:\Windows\TEMP\sess_avgacgepakug5l0elfgpkll831, O_RDWR) failed: Permission denied (13) E:\web\xzns\ThinkPHP\Common\functions.php 第 1263 行.
INFO: [ app_end ] --START--
INFO: Run Behavior\ShowPageTraceBehavior [ RunTime:0.000000s ]
INFO: [ app_end ] --END-- [ RunTime:0.000000s ]

[ 2015-06-06T15:21:48+08:00 ] ::1 /index.php/p44/server/pid/44/gid/24/sid/1/o_system/android
INFO: [ app_init ] --START--
INFO: Run Behavior\BuildLiteBehavior [ RunTime:0.000000s ]
INFO: [ app_init ] --END-- [ RunTime:0.001000s ]
INFO: [ app_begin ] --START--
INFO: Run Behavior\ReadHtmlCacheBehavior [ RunTime:0.001000s ]
INFO: [ app_begin ] --END-- [ RunTime:0.001000s ]
NOTIC: [2] session_start(): open(C:\Windows\TEMP\sess_avgacgepakug5l0elfgpkll831, O_RDWR) failed: Permission denied (13) E:\web\xzns\ThinkPHP\Common\functions.php 第 1263 行.
ERR: SQLSTATE[HY000] [1045] Access denied for user 'account'@'localhost' (using password: YES)

[ 2015-06-06T15:22:22+08:00 ] ::1 /index.php/p44/server/pid/44/gid/24/sid/1/o_system/android
INFO: [ app_init ] --START--
INFO: Run Behavior\BuildLiteBehavior [ RunTime:0.000000s ]
INFO: [ app_init ] --END-- [ RunTime:0.001000s ]
INFO: [ app_begin ] --START--
INFO: Run Behavior\ReadHtmlCacheBehavior [ RunTime:0.000000s ]
INFO: [ app_begin ] --END-- [ RunTime:0.000000s ]
NOTIC: [2] session_start(): open(C:\Windows\TEMP\sess_avgacgepakug5l0elfgpkll831, O_RDWR) failed: Permission denied (13) E:\web\xzns\ThinkPHP\Common\functions.php 第 1263 行.
SQL: SHOW COLUMNS FROM `servers` [ RunTime:0.0020s ]
SQL: SELECT * FROM `servers` WHERE `type` = 'android' AND `status` = 1  [ RunTime:0.0010s ]
INFO: [ app_end ] --START--
INFO: Run Behavior\ShowPageTraceBehavior [ RunTime:0.000000s ]
INFO: [ app_end ] --END-- [ RunTime:0.000000s ]

[ 2015-06-06T15:38:09+08:00 ] ::1 /index.php/p44/server/pid/44/gid/24/sid/1/o_system/android
INFO: [ app_init ] --START--
INFO: Run Behavior\BuildLiteBehavior [ RunTime:0.000000s ]
INFO: [ app_init ] --END-- [ RunTime:0.000000s ]
INFO: [ app_begin ] --START--
INFO: Run Behavior\ReadHtmlCacheBehavior [ RunTime:0.000000s ]
INFO: [ app_begin ] --END-- [ RunTime:0.000000s ]
NOTIC: [2] session_start(): open(C:\Windows\TEMP\sess_avgacgepakug5l0elfgpkll831, O_RDWR) failed: Permission denied (13) E:\web\xzns\ThinkPHP\Common\functions.php 第 1263 行.

[ 2015-06-06T15:41:04+08:00 ] ::1 /index.php/p44/server/pid/44/gid/24/sid/1/o_system/android
INFO: [ app_init ] --START--
INFO: Run Behavior\BuildLiteBehavior [ RunTime:0.000000s ]
INFO: [ app_init ] --END-- [ RunTime:0.000000s ]
INFO: [ app_begin ] --START--
INFO: Run Behavior\ReadHtmlCacheBehavior [ RunTime:0.000000s ]
INFO: [ app_begin ] --END-- [ RunTime:0.000000s ]
NOTIC: [2] session_start(): open(C:\Windows\TEMP\sess_avgacgepakug5l0elfgpkll831, O_RDWR) failed: Permission denied (13) E:\web\xzns\ThinkPHP\Common\functions.php 第 1263 行.

[ 2015-06-06T15:41:05+08:00 ] ::1 /index.php/p44/server/pid/44/gid/24/sid/1/o_system/android
INFO: [ app_init ] --START--
INFO: Run Behavior\BuildLiteBehavior [ RunTime:0.000000s ]
INFO: [ app_init ] --END-- [ RunTime:0.001000s ]
INFO: [ app_begin ] --START--
INFO: Run Behavior\ReadHtmlCacheBehavior [ RunTime:0.000000s ]
INFO: [ app_begin ] --END-- [ RunTime:0.000000s ]
NOTIC: [2] session_start(): open(C:\Windows\TEMP\sess_avgacgepakug5l0elfgpkll831, O_RDWR) failed: Permission denied (13) E:\web\xzns\ThinkPHP\Common\functions.php 第 1263 行.

[ 2015-06-06T15:41:38+08:00 ] ::1 /index.php/p44/server/pid/44/gid/24/sid/1/o_system/android
INFO: [ app_init ] --START--
INFO: Run Behavior\BuildLiteBehavior [ RunTime:0.000000s ]
INFO: [ app_init ] --END-- [ RunTime:0.000000s ]
INFO: [ app_begin ] --START--
INFO: Run Behavior\ReadHtmlCacheBehavior [ RunTime:0.000000s ]
INFO: [ app_begin ] --END-- [ RunTime:0.000000s ]
NOTIC: [2] session_start(): open(C:\Windows\TEMP\sess_avgacgepakug5l0elfgpkll831, O_RDWR) failed: Permission denied (13) E:\web\xzns\ThinkPHP\Common\functions.php 第 1263 行.

[ 2015-06-06T15:42:08+08:00 ] ::1 /index.php/p44/server/pid/44/gid/24/sid/1/o_system/android
INFO: [ app_init ] --START--
INFO: Run Behavior\BuildLiteBehavior [ RunTime:0.000000s ]
INFO: [ app_init ] --END-- [ RunTime:0.000000s ]
INFO: [ app_begin ] --START--
INFO: Run Behavior\ReadHtmlCacheBehavior [ RunTime:0.000000s ]
INFO: [ app_begin ] --END-- [ RunTime:0.000000s ]
NOTIC: [2] session_start(): open(C:\Windows\TEMP\sess_avgacgepakug5l0elfgpkll831, O_RDWR) failed: Permission denied (13) E:\web\xzns\ThinkPHP\Common\functions.php 第 1263 行.

[ 2015-06-06T15:42:21+08:00 ] ::1 /index.php/p44/server/pid/44/gid/24/sid/1/o_system/android
INFO: [ app_init ] --START--
INFO: Run Behavior\BuildLiteBehavior [ RunTime:0.000000s ]
INFO: [ app_init ] --END-- [ RunTime:0.000000s ]
INFO: [ app_begin ] --START--
INFO: Run Behavior\ReadHtmlCacheBehavior [ RunTime:0.000000s ]
INFO: [ app_begin ] --END-- [ RunTime:0.000000s ]
NOTIC: [2] session_start(): open(C:\Windows\TEMP\sess_avgacgepakug5l0elfgpkll831, O_RDWR) failed: Permission denied (13) E:\web\xzns\ThinkPHP\Common\functions.php 第 1263 行.
SQL: SHOW COLUMNS FROM `configure` [ RunTime:0.0020s ]
SQL: SELECT * FROM `configure` LIMIT 1   [ RunTime:0.0000s ]
SQL: SHOW COLUMNS FROM `servers` [ RunTime:0.0020s ]
SQL: SELECT * FROM `servers` WHERE `type` = 'android' AND `status` = 1  [ RunTime:0.0000s ]

[ 2015-06-06T15:43:43+08:00 ] ::1 /index.php/p44/server/pid/44/gid/24/sid/1/o_system/android?ver=2.0.0
INFO: [ app_init ] --START--
INFO: Run Behavior\BuildLiteBehavior [ RunTime:0.000000s ]
INFO: [ app_init ] --END-- [ RunTime:0.000000s ]
INFO: [ app_begin ] --START--
INFO: Run Behavior\ReadHtmlCacheBehavior [ RunTime:0.000000s ]
INFO: [ app_begin ] --END-- [ RunTime:0.000000s ]
NOTIC: [2] session_start(): open(C:\Windows\TEMP\sess_avgacgepakug5l0elfgpkll831, O_RDWR) failed: Permission denied (13) E:\web\xzns\ThinkPHP\Common\functions.php 第 1263 行.
SQL: SHOW COLUMNS FROM `configure` [ RunTime:0.0020s ]
SQL: SHOW COLUMNS FROM `servers` [ RunTime:0.0010s ]
SQL: SELECT * FROM `servers` WHERE `type` = 'android' AND `status` = 1  [ RunTime:0.0000s ]

[ 2015-06-06T16:12:45+08:00 ] ::1 /index.php/p44/login/pid/44/gid/24/sid/1/o_system/android?uid=888&accesstoken=111
INFO: [ app_init ] --START--
INFO: Run Behavior\BuildLiteBehavior [ RunTime:0.000000s ]
INFO: [ app_init ] --END-- [ RunTime:0.001000s ]
INFO: [ app_begin ] --START--
INFO: Run Behavior\ReadHtmlCacheBehavior [ RunTime:0.001000s ]
INFO: [ app_begin ] --END-- [ RunTime:0.001000s ]
NOTIC: [2] session_start(): open(C:\Windows\TEMP\sess_avgacgepakug5l0elfgpkll831, O_RDWR) failed: Permission denied (13) E:\web\xzns\ThinkPHP\Common\functions.php 第 1263 行.
SQL: SHOW COLUMNS FROM `account` [ RunTime:0.0030s ]
SQL: SELECT * FROM `account` WHERE `uid` = 888 LIMIT 1   [ RunTime:0.0000s ]
NOTIC: [8] Undefined variable: data E:\web\xzns\Application\Home\Controller\EmptyController.class.php 第 112 行.

[ 2015-06-06T16:13:19+08:00 ] ::1 /index.php/p44/login/pid/44/gid/24/sid/1/o_system/android?uid=888&accesstoken=111
INFO: [ app_init ] --START--
INFO: Run Behavior\BuildLiteBehavior [ RunTime:0.000000s ]
INFO: [ app_init ] --END-- [ RunTime:0.001000s ]
INFO: [ app_begin ] --START--
INFO: Run Behavior\ReadHtmlCacheBehavior [ RunTime:0.001000s ]
INFO: [ app_begin ] --END-- [ RunTime:0.001000s ]
NOTIC: [2] session_start(): open(C:\Windows\TEMP\sess_avgacgepakug5l0elfgpkll831, O_RDWR) failed: Permission denied (13) E:\web\xzns\ThinkPHP\Common\functions.php 第 1263 行.
SQL: SHOW COLUMNS FROM `account` [ RunTime:0.0020s ]
SQL: SELECT * FROM `account` WHERE `uid` = 888 LIMIT 1   [ RunTime:0.0000s ]
NOTIC: [8] Undefined variable: data E:\web\xzns\Application\Home\Controller\EmptyController.class.php 第 112 行.

[ 2015-06-06T16:13:55+08:00 ] ::1 /index.php/p44/login/pid/44/gid/24/sid/1/o_system/android?uid=888&accesstoken=111
INFO: [ app_init ] --START--
INFO: Run Behavior\BuildLiteBehavior [ RunTime:0.000000s ]
INFO: [ app_init ] --END-- [ RunTime:0.001000s ]
INFO: [ app_begin ] --START--
INFO: Run Behavior\ReadHtmlCacheBehavior [ RunTime:0.001000s ]
INFO: [ app_begin ] --END-- [ RunTime:0.001000s ]
NOTIC: [2] session_start(): open(C:\Windows\TEMP\sess_avgacgepakug5l0elfgpkll831, O_RDWR) failed: Permission denied (13) E:\web\xzns\ThinkPHP\Common\functions.php 第 1263 行.
SQL: SHOW COLUMNS FROM `account` [ RunTime:0.0010s ]
SQL: SELECT * FROM `account` WHERE `uid` = 888 LIMIT 1   [ RunTime:0.0000s ]
SQL: INSERT INTO `account` (`uid`,`token`) VALUES ('888','111') [ RunTime:0.0000s ]
SQL: SHOW COLUMNS FROM `configure` [ RunTime:0.0030s ]
NOTIC: [8] Undefined index: key E:\web\xzns\Application\Home\Controller\EmptyController.class.php 第 33 行.
SQL: SHOW COLUMNS FROM `servers` [ RunTime:0.0020s ]
SQL: SELECT * FROM `servers` WHERE `id` = 1 LIMIT 1   [ RunTime:0.0000s ]

[ 2015-06-06T16:49:12+08:00 ] ::1 /index.php/index/recharge
INFO: [ app_init ] --START--
INFO: Run Behavior\BuildLiteBehavior [ RunTime:0.000000s ]
INFO: [ app_init ] --END-- [ RunTime:0.000000s ]
INFO: [ app_begin ] --START--
INFO: Run Behavior\ReadHtmlCacheBehavior [ RunTime:0.000000s ]
INFO: [ app_begin ] --END-- [ RunTime:0.000000s ]
NOTIC: [2] session_start(): open(C:\Windows\TEMP\sess_avgacgepakug5l0elfgpkll831, O_RDWR) failed: Permission denied (13) E:\web\xzns\ThinkPHP\Common\functions.php 第 1263 行.
SQL: SHOW COLUMNS FROM `servers` [ RunTime:0.0020s ]
SQL: SELECT * FROM `servers` WHERE `id` = 0 LIMIT 1   [ RunTime:0.0010s ]
INFO: [ view_parse ] --START--
INFO: [ template_filter ] --START--
INFO: Run Behavior\ContentReplaceBehavior [ RunTime:0.000000s ]
INFO: [ template_filter ] --END-- [ RunTime:0.000000s ]
INFO: Run Behavior\ParseTemplateBehavior [ RunTime:0.020001s ]
INFO: [ view_parse ] --END-- [ RunTime:0.020001s ]
INFO: [ view_filter ] --START--
INFO: Run Behavior\WriteHtmlCacheBehavior [ RunTime:0.000000s ]
INFO: [ view_filter ] --END-- [ RunTime:0.000000s ]

[ 2015-06-06T16:49:24+08:00 ] ::1 /index.php/index/recharge/sid/1
INFO: [ app_init ] --START--
INFO: Run Behavior\BuildLiteBehavior [ RunTime:0.000000s ]
INFO: [ app_init ] --END-- [ RunTime:0.001000s ]
INFO: [ app_begin ] --START--
INFO: Run Behavior\ReadHtmlCacheBehavior [ RunTime:0.001000s ]
INFO: [ app_begin ] --END-- [ RunTime:0.001000s ]
NOTIC: [2] session_start(): open(C:\Windows\TEMP\sess_avgacgepakug5l0elfgpkll831, O_RDWR) failed: Permission denied (13) E:\web\xzns\ThinkPHP\Common\functions.php 第 1263 行.
SQL: SHOW COLUMNS FROM `servers` [ RunTime:0.0020s ]
SQL: SHOW COLUMNS FROM `recharge` [ RunTime:0.0020s ]
SQL: SELECT * FROM `recharge`  [ RunTime:0.0000s ]
NOTIC: [8] Undefined variable: i_success E:\web\xzns\Application\Home\Controller\IndexController.class.php 第 58 行.
NOTIC: [8] Undefined variable: i_failed E:\web\xzns\Application\Home\Controller\IndexController.class.php 第 58 行.
INFO: [ app_end ] --START--
INFO: Run Behavior\ShowPageTraceBehavior [ RunTime:0.001000s ]
INFO: [ app_end ] --END-- [ RunTime:0.001000s ]

[ 2015-06-06T16:50:52+08:00 ] ::1 /index.php/Index/recharge/sid/1
INFO: [ app_init ] --START--
INFO: Run Behavior\BuildLiteBehavior [ RunTime:0.000000s ]
INFO: [ app_init ] --END-- [ RunTime:0.001000s ]
INFO: [ app_begin ] --START--
INFO: Run Behavior\ReadHtmlCacheBehavior [ RunTime:0.001000s ]
INFO: [ app_begin ] --END-- [ RunTime:0.001000s ]
NOTIC: [2] session_start(): open(C:\Windows\TEMP\sess_avgacgepakug5l0elfgpkll831, O_RDWR) failed: Permission denied (13) E:\web\xzns\ThinkPHP\Common\functions.php 第 1263 行.
SQL: SHOW COLUMNS FROM `servers` [ RunTime:0.0020s ]
SQL: SHOW COLUMNS FROM `recharge` [ RunTime:0.0020s ]
SQL: SELECT * FROM `recharge`  [ RunTime:0.0000s ]
INFO: [ app_end ] --START--
INFO: Run Behavior\ShowPageTraceBehavior [ RunTime:0.001001s ]
INFO: [ app_end ] --END-- [ RunTime:0.001001s ]

[ 2015-06-06T16:51:20+08:00 ] ::1 /index.php/Index/recharge/sid/2
INFO: [ app_init ] --START--
INFO: Run Behavior\BuildLiteBehavior [ RunTime:0.000000s ]
INFO: [ app_init ] --END-- [ RunTime:0.001000s ]
INFO: [ app_begin ] --START--
INFO: Run Behavior\ReadHtmlCacheBehavior [ RunTime:0.001000s ]
INFO: [ app_begin ] --END-- [ RunTime:0.001000s ]
NOTIC: [2] session_start(): open(C:\Windows\TEMP\sess_avgacgepakug5l0elfgpkll831, O_RDWR) failed: Permission denied (13) E:\web\xzns\ThinkPHP\Common\functions.php 第 1263 行.
SQL: SHOW COLUMNS FROM `servers` [ RunTime:0.0020s ]
SQL: SELECT * FROM `servers` WHERE `id` = 2 LIMIT 1   [ RunTime:0.0010s ]
SQL: SHOW COLUMNS FROM `recharge` [ RunTime:0.0020s ]
SQL: SELECT * FROM `recharge`  [ RunTime:0.0010s ]
INFO: [ app_end ] --START--
INFO: Run Behavior\ShowPageTraceBehavior [ RunTime:0.000000s ]
INFO: [ app_end ] --END-- [ RunTime:0.000000s ]

[ 2015-06-06T16:51:23+08:00 ] ::1 /index.php/Index/recharge/sid/3
INFO: [ app_init ] --START--
INFO: Run Behavior\BuildLiteBehavior [ RunTime:0.000000s ]
INFO: [ app_init ] --END-- [ RunTime:0.000000s ]
INFO: [ app_begin ] --START--
INFO: Run Behavior\ReadHtmlCacheBehavior [ RunTime:0.001000s ]
INFO: [ app_begin ] --END-- [ RunTime:0.001000s ]
NOTIC: [2] session_start(): open(C:\Windows\TEMP\sess_avgacgepakug5l0elfgpkll831, O_RDWR) failed: Permission denied (13) E:\web\xzns\ThinkPHP\Common\functions.php 第 1263 行.
SQL: SHOW COLUMNS FROM `servers` [ RunTime:0.0020s ]
SQL: SELECT * FROM `servers` WHERE `id` = 3 LIMIT 1   [ RunTime:0.0000s ]
INFO: [ view_parse ] --START--
INFO: [ template_filter ] --START--
INFO: Run Behavior\ContentReplaceBehavior [ RunTime:0.000000s ]
INFO: [ template_filter ] --END-- [ RunTime:0.000000s ]
INFO: Run Behavior\ParseTemplateBehavior [ RunTime:0.004000s ]
INFO: [ view_parse ] --END-- [ RunTime:0.004000s ]
INFO: [ view_filter ] --START--
INFO: Run Behavior\WriteHtmlCacheBehavior [ RunTime:0.000000s ]
INFO: [ view_filter ] --END-- [ RunTime:0.000000s ]

[ 2015-06-06T16:51:26+08:00 ] ::1 /index.php/Index/recharge/sid/2
INFO: [ app_init ] --START--
INFO: Run Behavior\BuildLiteBehavior [ RunTime:0.000000s ]
INFO: [ app_init ] --END-- [ RunTime:0.000000s ]
INFO: [ app_begin ] --START--
INFO: Run Behavior\ReadHtmlCacheBehavior [ RunTime:0.001000s ]
INFO: [ app_begin ] --END-- [ RunTime:0.001000s ]
NOTIC: [2] session_start(): open(C:\Windows\TEMP\sess_avgacgepakug5l0elfgpkll831, O_RDWR) failed: Permission denied (13) E:\web\xzns\ThinkPHP\Common\functions.php 第 1263 行.
SQL: SHOW COLUMNS FROM `servers` [ RunTime:0.0030s ]
SQL: SHOW COLUMNS FROM `recharge` [ RunTime:0.0020s ]
SQL: SELECT * FROM `recharge`  [ RunTime:0.0010s ]
INFO: [ app_end ] --START--
INFO: Run Behavior\ShowPageTraceBehavior [ RunTime:0.001000s ]
INFO: [ app_end ] --END-- [ RunTime:0.001000s ]

