[ 2015-06-07T15:33:57+08:00 ] 192.168.0.119 /index.php/pppp44/server/pid/44/qid/24/o_system/android/...?ver=2.0.0
INFO: [ app_init ] --START--
INFO: Run Behavior\BuildLiteBehavior [ RunTime:0.001000s ]
INFO: [ app_init ] --END-- [ RunTime:0.001000s ]
INFO: [ app_begin ] --START--
INFO: Run Behavior\ReadHtmlCacheBehavior [ RunTime:0.001001s ]
INFO: [ app_begin ] --END-- [ RunTime:0.002001s ]
NOTIC: [2] session_start(): open(C:\Windows\TEMP\sess_0ohrgh27gf62v8qvcav6mssvf7, O_RDWR) failed: Permission denied (13) E:\web\xzns\ThinkPHP\Common\functions.php 第 1263 行.

[ 2015-06-07T15:34:08+08:00 ] ::1 /index.php/pppp44/server/pid/44/qid/24/o_system/android/?ver=2.0.0
INFO: [ app_init ] --START--
INFO: Run Behavior\BuildLiteBehavior [ RunTime:0.000000s ]
INFO: [ app_init ] --END-- [ RunTime:0.000000s ]
INFO: [ app_begin ] --START--
INFO: Run Behavior\ReadHtmlCacheBehavior [ RunTime:0.000000s ]
INFO: [ app_begin ] --END-- [ RunTime:0.000000s ]
NOTIC: [2] session_start(): open(C:\Windows\TEMP\sess_avgacgepakug5l0elfgpkll831, O_RDWR) failed: Permission denied (13) E:\web\xzns\ThinkPHP\Common\functions.php 第 1263 行.

[ 2015-06-07T15:34:18+08:00 ] ::1 /index.php/pppp44/server/pid/44/qid/24/o_system/android/?ver=2.0.0
INFO: [ app_init ] --START--
INFO: Run Behavior\BuildLiteBehavior [ RunTime:0.000000s ]
INFO: [ app_init ] --END-- [ RunTime:0.001000s ]
INFO: [ app_begin ] --START--
INFO: Run Behavior\ReadHtmlCacheBehavior [ RunTime:0.001000s ]
INFO: [ app_begin ] --END-- [ RunTime:0.001000s ]
NOTIC: [2] session_start(): open(C:\Windows\TEMP\sess_avgacgepakug5l0elfgpkll831, O_RDWR) failed: Permission denied (13) E:\web\xzns\ThinkPHP\Common\functions.php 第 1263 行.
SQL: SHOW COLUMNS FROM `configure` [ RunTime:0.0020s ]
SQL: SHOW COLUMNS FROM `servers` [ RunTime:0.0020s ]

[ 2015-06-07T15:34:31+08:00 ] 192.168.0.119 /index.php/pppp44/server/pid/44/qid/24/o_system/android/...?ver=2.0.0
INFO: [ app_init ] --START--
INFO: Run Behavior\BuildLiteBehavior [ RunTime:0.000000s ]
INFO: [ app_init ] --END-- [ RunTime:0.001000s ]
INFO: [ app_begin ] --START--
INFO: Run Behavior\ReadHtmlCacheBehavior [ RunTime:0.001000s ]
INFO: [ app_begin ] --END-- [ RunTime:0.001000s ]
NOTIC: [2] session_start(): open(C:\Windows\TEMP\sess_r57ptaquvj95ulce9ivihv4pr4, O_RDWR) failed: Permission denied (13) E:\web\xzns\ThinkPHP\Common\functions.php 第 1263 行.
SQL: SHOW COLUMNS FROM `configure` [ RunTime:0.0030s ]
SQL: SHOW COLUMNS FROM `servers` [ RunTime:0.0030s ]

[ 2015-06-07T15:35:20+08:00 ] ::1 /index.php/pppp44/server/pid/44/qid/24/o_system/android/?ver=2.0.0
INFO: [ app_init ] --START--
INFO: Run Behavior\BuildLiteBehavior [ RunTime:0.000000s ]
INFO: [ app_init ] --END-- [ RunTime:0.000000s ]
INFO: [ app_begin ] --START--
INFO: Run Behavior\ReadHtmlCacheBehavior [ RunTime:0.000000s ]
INFO: [ app_begin ] --END-- [ RunTime:0.000000s ]
NOTIC: [2] session_start(): open(C:\Windows\TEMP\sess_avgacgepakug5l0elfgpkll831, O_RDWR) failed: Permission denied (13) E:\web\xzns\ThinkPHP\Common\functions.php 第 1263 行.
SQL: SHOW COLUMNS FROM `configure` [ RunTime:0.0020s ]
SQL: SHOW COLUMNS FROM `servers` [ RunTime:0.0010s ]

[ 2015-06-07T15:35:31+08:00 ] ::1 /index.php/pppp44/server/pid/44/qid/24/o_system/android/?ver=2.0.0
INFO: [ app_init ] --START--
INFO: Run Behavior\BuildLiteBehavior [ RunTime:0.000000s ]
INFO: [ app_init ] --END-- [ RunTime:0.001000s ]
INFO: [ app_begin ] --START--
INFO: Run Behavior\ReadHtmlCacheBehavior [ RunTime:0.001000s ]
INFO: [ app_begin ] --END-- [ RunTime:0.001000s ]
NOTIC: [2] session_start(): open(C:\Windows\TEMP\sess_avgacgepakug5l0elfgpkll831, O_RDWR) failed: Permission denied (13) E:\web\xzns\ThinkPHP\Common\functions.php 第 1263 行.
SQL: SHOW COLUMNS FROM `configure` [ RunTime:0.0010s ]
SQL: SELECT * FROM `configure` LIMIT 1   [ RunTime:0.0010s ]
SQL: SHOW COLUMNS FROM `servers` [ RunTime:0.0010s ]
SQL: SELECT * FROM `servers` WHERE `type` = 'android' AND `status` = 1  [ RunTime:0.0000s ]

[ 2015-06-07T15:36:00+08:00 ] 192.168.0.119 /index.php/pppp44/server/pid/44/qid/24/o_system/android/...?ver=2.0.0
INFO: [ app_init ] --START--
INFO: Run Behavior\BuildLiteBehavior [ RunTime:0.000000s ]
INFO: [ app_init ] --END-- [ RunTime:0.001000s ]
INFO: [ app_begin ] --START--
INFO: Run Behavior\ReadHtmlCacheBehavior [ RunTime:0.001001s ]
INFO: [ app_begin ] --END-- [ RunTime:0.001001s ]
NOTIC: [2] session_start(): open(C:\Windows\TEMP\sess_kre0uc0qclj44ln87ol8ut6ms0, O_RDWR) failed: Permission denied (13) E:\web\xzns\ThinkPHP\Common\functions.php 第 1263 行.
SQL: SHOW COLUMNS FROM `configure` [ RunTime:0.0040s ]
SQL: SHOW COLUMNS FROM `servers` [ RunTime:0.0020s ]

[ 2015-06-07T15:38:18+08:00 ] 192.168.0.119 /index.php/p44/login/pid/44/gid/24/sid/1/o_system/android?&uin=2072715659&deviceos=ios&sessionId=b4df7aa15a97ece425e312195f1ce746
INFO: [ app_init ] --START--
INFO: Run Behavior\BuildLiteBehavior [ RunTime:0.000000s ]
INFO: [ app_init ] --END-- [ RunTime:0.001000s ]
INFO: [ app_begin ] --START--
INFO: Run Behavior\ReadHtmlCacheBehavior [ RunTime:0.000000s ]
INFO: [ app_begin ] --END-- [ RunTime:0.000000s ]
NOTIC: [2] session_start(): open(C:\Windows\TEMP\sess_kre0uc0qclj44ln87ol8ut6ms0, O_RDWR) failed: Permission denied (13) E:\web\xzns\ThinkPHP\Common\functions.php 第 1263 行.

[ 2015-06-07T15:38:19+08:00 ] 192.168.0.119 /index.php/pppp44/server/pid/44/qid/24/o_system/android/...?ver=2.0.0
INFO: [ app_init ] --START--
INFO: Run Behavior\BuildLiteBehavior [ RunTime:0.000000s ]
INFO: [ app_init ] --END-- [ RunTime:0.000000s ]
INFO: [ app_begin ] --START--
INFO: Run Behavior\ReadHtmlCacheBehavior [ RunTime:0.001000s ]
INFO: [ app_begin ] --END-- [ RunTime:0.001000s ]
NOTIC: [2] session_start(): open(C:\Windows\TEMP\sess_kre0uc0qclj44ln87ol8ut6ms0, O_RDWR) failed: Permission denied (13) E:\web\xzns\ThinkPHP\Common\functions.php 第 1263 行.
SQL: SHOW COLUMNS FROM `configure` [ RunTime:0.0020s ]
SQL: SHOW COLUMNS FROM `servers` [ RunTime:0.0020s ]

[ 2015-06-07T15:38:48+08:00 ] 192.168.0.119 /index.php/p44/login/pid/44/gid/24/sid/1/o_system/android?&uin=2072715659&deviceos=ios&sessionId=b4df7aa15a97ece425e312195f1ce746
INFO: [ app_init ] --START--
INFO: Run Behavior\BuildLiteBehavior [ RunTime:0.000000s ]
INFO: [ app_init ] --END-- [ RunTime:0.001000s ]
INFO: [ app_begin ] --START--
INFO: Run Behavior\ReadHtmlCacheBehavior [ RunTime:0.001000s ]
INFO: [ app_begin ] --END-- [ RunTime:0.001000s ]
NOTIC: [2] session_start(): open(C:\Windows\TEMP\sess_kre0uc0qclj44ln87ol8ut6ms0, O_RDWR) failed: Permission denied (13) E:\web\xzns\ThinkPHP\Common\functions.php 第 1263 行.

[ 2015-06-07T15:38:49+08:00 ] 192.168.0.119 /index.php/pppp44/server/pid/44/qid/24/o_system/android/...?ver=2.0.0
INFO: [ app_init ] --START--
INFO: Run Behavior\BuildLiteBehavior [ RunTime:0.000000s ]
INFO: [ app_init ] --END-- [ RunTime:0.001000s ]
INFO: [ app_begin ] --START--
INFO: Run Behavior\ReadHtmlCacheBehavior [ RunTime:0.001000s ]
INFO: [ app_begin ] --END-- [ RunTime:0.001000s ]
NOTIC: [2] session_start(): open(C:\Windows\TEMP\sess_kre0uc0qclj44ln87ol8ut6ms0, O_RDWR) failed: Permission denied (13) E:\web\xzns\ThinkPHP\Common\functions.php 第 1263 行.
SQL: SHOW COLUMNS FROM `configure` [ RunTime:0.0030s ]
SQL: SHOW COLUMNS FROM `servers` [ RunTime:0.0020s ]

[ 2015-06-07T15:39:06+08:00 ] ::1 /index.php/pppp44/server/pid/44/qid/24/o_system/android/?ver=2.0.0
INFO: [ app_init ] --START--
INFO: Run Behavior\BuildLiteBehavior [ RunTime:0.000000s ]
INFO: [ app_init ] --END-- [ RunTime:0.001000s ]
INFO: [ app_begin ] --START--
INFO: Run Behavior\ReadHtmlCacheBehavior [ RunTime:0.000000s ]
INFO: [ app_begin ] --END-- [ RunTime:0.001000s ]
NOTIC: [2] session_start(): open(C:\Windows\TEMP\sess_avgacgepakug5l0elfgpkll831, O_RDWR) failed: Permission denied (13) E:\web\xzns\ThinkPHP\Common\functions.php 第 1263 行.
SQL: SHOW COLUMNS FROM `configure` [ RunTime:0.0020s ]
SQL: SHOW COLUMNS FROM `servers` [ RunTime:0.0020s ]

[ 2015-06-07T15:43:11+08:00 ] 192.168.0.119 /index.php/p44/login/pid/44/gid/24/sid/1/o_system/android?&uin=2072715659&deviceos=ios&sessionId=b4df7aa15a97ece425e312195f1ce746
INFO: [ app_init ] --START--
INFO: Run Behavior\BuildLiteBehavior [ RunTime:0.000000s ]
INFO: [ app_init ] --END-- [ RunTime:0.001000s ]
INFO: [ app_begin ] --START--
INFO: Run Behavior\ReadHtmlCacheBehavior [ RunTime:0.001000s ]
INFO: [ app_begin ] --END-- [ RunTime:0.001000s ]
NOTIC: [2] session_start(): open(C:\Windows\TEMP\sess_kre0uc0qclj44ln87ol8ut6ms0, O_RDWR) failed: Permission denied (13) E:\web\xzns\ThinkPHP\Common\functions.php 第 1263 行.
SQL: SHOW COLUMNS FROM `account` [ RunTime:0.0050s ]
SQL: SELECT * FROM `account` WHERE `uid` = 2072715659 LIMIT 1   [ RunTime:0.0010s ]
SQL: INSERT INTO `account` (`uid`,`token`) VALUES ('2072715659','b4df7aa15a97ece425e312195f1ce746') [ RunTime:0.0000s ]
SQL: SHOW COLUMNS FROM `configure` [ RunTime:0.0050s ]
SQL: SHOW COLUMNS FROM `servers` [ RunTime:0.0050s ]
SQL: SELECT * FROM `servers` WHERE `id` = 1 LIMIT 1   [ RunTime:0.0000s ]

[ 2015-06-07T15:55:13+08:00 ] ::1 /index.php/pppp44/server/pid/44/qid/24/o_system/android/?ver=2.0.0
INFO: [ app_init ] --START--
INFO: Run Behavior\BuildLiteBehavior [ RunTime:0.000000s ]
INFO: [ app_init ] --END-- [ RunTime:0.000000s ]
INFO: [ app_begin ] --START--
INFO: Run Behavior\ReadHtmlCacheBehavior [ RunTime:0.000000s ]
INFO: [ app_begin ] --END-- [ RunTime:0.000000s ]
NOTIC: [2] session_start(): open(C:\Windows\TEMP\sess_avgacgepakug5l0elfgpkll831, O_RDWR) failed: Permission denied (13) E:\web\xzns\ThinkPHP\Common\functions.php 第 1263 行.
SQL: SHOW COLUMNS FROM `configure` [ RunTime:0.0010s ]
SQL: SHOW COLUMNS FROM `servers` [ RunTime:0.0020s ]

[ 2015-06-07T15:55:14+08:00 ] ::1 /index.php/pppp44/server/pid/44/qid/24/o_system/android/?ver=2.0.0
INFO: [ app_init ] --START--
INFO: Run Behavior\BuildLiteBehavior [ RunTime:0.000000s ]
INFO: [ app_init ] --END-- [ RunTime:0.000000s ]
INFO: [ app_begin ] --START--
INFO: Run Behavior\ReadHtmlCacheBehavior [ RunTime:0.001000s ]
INFO: [ app_begin ] --END-- [ RunTime:0.001000s ]
NOTIC: [2] session_start(): open(C:\Windows\TEMP\sess_avgacgepakug5l0elfgpkll831, O_RDWR) failed: Permission denied (13) E:\web\xzns\ThinkPHP\Common\functions.php 第 1263 行.
SQL: SHOW COLUMNS FROM `configure` [ RunTime:0.0020s ]
SQL: SHOW COLUMNS FROM `servers` [ RunTime:0.0020s ]

[ 2015-06-07T15:55:15+08:00 ] ::1 /index.php/pppp44/server/pid/44/qid/24/o_system/android/?ver=2.0.0
INFO: [ app_init ] --START--
INFO: Run Behavior\BuildLiteBehavior [ RunTime:0.000000s ]
INFO: [ app_init ] --END-- [ RunTime:0.000000s ]
INFO: [ app_begin ] --START--
INFO: Run Behavior\ReadHtmlCacheBehavior [ RunTime:0.000000s ]
INFO: [ app_begin ] --END-- [ RunTime:0.000000s ]
NOTIC: [2] session_start(): open(C:\Windows\TEMP\sess_avgacgepakug5l0elfgpkll831, O_RDWR) failed: Permission denied (13) E:\web\xzns\ThinkPHP\Common\functions.php 第 1263 行.
SQL: SHOW COLUMNS FROM `configure` [ RunTime:0.0020s ]
SQL: SHOW COLUMNS FROM `servers` [ RunTime:0.0020s ]

[ 2015-06-07T15:55:27+08:00 ] 192.168.0.119 /index.php/pppp44/server/pid/44/qid/24/o_system/android/...?ver=2.0.0
INFO: [ app_init ] --START--
INFO: Run Behavior\BuildLiteBehavior [ RunTime:0.000000s ]
INFO: [ app_init ] --END-- [ RunTime:0.001000s ]
INFO: [ app_begin ] --START--
INFO: Run Behavior\ReadHtmlCacheBehavior [ RunTime:0.001000s ]
INFO: [ app_begin ] --END-- [ RunTime:0.001000s ]
NOTIC: [2] session_start(): open(C:\Windows\TEMP\sess_cq5clut7eipulderimdgopbpq6, O_RDWR) failed: Permission denied (13) E:\web\xzns\ThinkPHP\Common\functions.php 第 1263 行.
SQL: SHOW COLUMNS FROM `configure` [ RunTime:0.0040s ]
SQL: SHOW COLUMNS FROM `servers` [ RunTime:0.0030s ]

[ 2015-06-07T15:56:07+08:00 ] 192.168.0.119 /index.php/pppp44/server/pid/44/qid/24/o_system/android/...?ver=2.0.0
INFO: [ app_init ] --START--
INFO: Run Behavior\BuildLiteBehavior [ RunTime:0.000000s ]
INFO: [ app_init ] --END-- [ RunTime:0.000000s ]
INFO: [ app_begin ] --START--
INFO: Run Behavior\ReadHtmlCacheBehavior [ RunTime:0.001000s ]
INFO: [ app_begin ] --END-- [ RunTime:0.001000s ]
NOTIC: [2] session_start(): open(C:\Windows\TEMP\sess_fe0bi6okd1vc1susf48fdffsd4, O_RDWR) failed: Permission denied (13) E:\web\xzns\ThinkPHP\Common\functions.php 第 1263 行.
SQL: SHOW COLUMNS FROM `configure` [ RunTime:0.0030s ]
SQL: SHOW COLUMNS FROM `servers` [ RunTime:0.0010s ]

[ 2015-06-07T21:14:54+08:00 ] ::1 /index.php/p44/server/pid/44/gid/24/sid/1/o_system/android
INFO: [ app_init ] --START--
INFO: Run Behavior\BuildLiteBehavior [ RunTime:0.000000s ]
INFO: [ app_init ] --END-- [ RunTime:0.000000s ]
INFO: [ app_begin ] --START--
INFO: Run Behavior\ReadHtmlCacheBehavior [ RunTime:0.000000s ]
INFO: [ app_begin ] --END-- [ RunTime:0.000000s ]
NOTIC: [2] session_start(): open(C:\Windows\TEMP\sess_avgacgepakug5l0elfgpkll831, O_RDWR) failed: Permission denied (13) E:\web\xzns\ThinkPHP\Common\functions.php 第 1263 行.
SQL: SHOW COLUMNS FROM `configure` [ RunTime:0.0010s ]
SQL: SELECT * FROM `configure` LIMIT 1   [ RunTime:0.0000s ]
SQL: SHOW COLUMNS FROM `servers` [ RunTime:0.0020s ]
SQL: SELECT * FROM `servers` WHERE `type` = 'android' AND `status` = 1  [ RunTime:0.0000s ]

[ 2015-06-07T21:15:36+08:00 ] ::1 /index.php/pppp44/server/pid/44/qid/24/o_system/android/...?ver=2.0.0
INFO: [ app_init ] --START--
INFO: Run Behavior\BuildLiteBehavior [ RunTime:0.000000s ]
INFO: [ app_init ] --END-- [ RunTime:0.001000s ]
INFO: [ app_begin ] --START--
INFO: Run Behavior\ReadHtmlCacheBehavior [ RunTime:0.001000s ]
INFO: [ app_begin ] --END-- [ RunTime:0.001000s ]
NOTIC: [2] session_start(): open(C:\Windows\TEMP\sess_avgacgepakug5l0elfgpkll831, O_RDWR) failed: Permission denied (13) E:\web\xzns\ThinkPHP\Common\functions.php 第 1263 行.
SQL: SHOW COLUMNS FROM `configure` [ RunTime:0.0020s ]
SQL: SHOW COLUMNS FROM `servers` [ RunTime:0.0020s ]

[ 2015-06-07T21:16:02+08:00 ] 192.168.0.119 /index.php/pppp44/server/pid/44/qid/24/o_system/android/...?ver=2.0.0
INFO: [ app_init ] --START--
INFO: Run Behavior\BuildLiteBehavior [ RunTime:0.000000s ]
INFO: [ app_init ] --END-- [ RunTime:0.001000s ]
INFO: [ app_begin ] --START--
INFO: Run Behavior\ReadHtmlCacheBehavior [ RunTime:0.001000s ]
INFO: [ app_begin ] --END-- [ RunTime:0.001000s ]
NOTIC: [2] session_start(): open(C:\Windows\TEMP\sess_41h29rd579rpn3rq9nu1kiv4n4, O_RDWR) failed: Permission denied (13) E:\web\xzns\ThinkPHP\Common\functions.php 第 1263 行.
SQL: SHOW COLUMNS FROM `configure` [ RunTime:0.0020s ]
SQL: SHOW COLUMNS FROM `servers` [ RunTime:0.0020s ]

[ 2015-06-07T21:16:56+08:00 ] 192.168.0.119 /index.php/pppp44/server/pid/44/qid/24/o_system/android/...?ver=2.0.0
INFO: [ app_init ] --START--
INFO: Run Behavior\BuildLiteBehavior [ RunTime:0.000000s ]
INFO: [ app_init ] --END-- [ RunTime:0.001000s ]
INFO: [ app_begin ] --START--
INFO: Run Behavior\ReadHtmlCacheBehavior [ RunTime:0.001000s ]
INFO: [ app_begin ] --END-- [ RunTime:0.001000s ]
NOTIC: [2] session_start(): open(C:\Windows\TEMP\sess_q9oe6qd34anjfrq7dkas32q370, O_RDWR) failed: Permission denied (13) E:\web\xzns\ThinkPHP\Common\functions.php 第 1263 行.
SQL: SHOW COLUMNS FROM `configure` [ RunTime:0.0030s ]
SQL: SHOW COLUMNS FROM `servers` [ RunTime:0.0020s ]

[ 2015-06-07T21:17:44+08:00 ] 192.168.0.119 /index.php/pppp44/server/pid/44/qid/24/o_system/android/...?ver=2.0.0
INFO: [ app_init ] --START--
INFO: Run Behavior\BuildLiteBehavior [ RunTime:0.000000s ]
INFO: [ app_init ] --END-- [ RunTime:0.001000s ]
INFO: [ app_begin ] --START--
INFO: Run Behavior\ReadHtmlCacheBehavior [ RunTime:0.001001s ]
INFO: [ app_begin ] --END-- [ RunTime:0.001001s ]
NOTIC: [2] session_start(): open(C:\Windows\TEMP\sess_re28h7ho4gkjh8rilus1c3k8q2, O_RDWR) failed: Permission denied (13) E:\web\xzns\ThinkPHP\Common\functions.php 第 1263 行.
SQL: SHOW COLUMNS FROM `configure` [ RunTime:0.0020s ]
SQL: SHOW COLUMNS FROM `servers` [ RunTime:0.0020s ]

[ 2015-06-07T23:30:36+08:00 ] 192.168.0.106 /
INFO: [ app_init ] --START--
INFO: Run Behavior\BuildLiteBehavior [ RunTime:0.000000s ]
INFO: [ app_init ] --END-- [ RunTime:0.000000s ]
INFO: [ app_begin ] --START--
INFO: Run Behavior\ReadHtmlCacheBehavior [ RunTime:0.000000s ]
INFO: [ app_begin ] --END-- [ RunTime:0.000000s ]
NOTIC: [2] session_start(): open(C:\Windows\TEMP\sess_unl16s7fhlg6o575hfnu30pjr6, O_RDWR) failed: Permission denied (13) E:\web\xzns\ThinkPHP\Common\functions.php 第 1263 行.
INFO: [ view_parse ] --START--
INFO: [ template_filter ] --START--
INFO: Run Behavior\ContentReplaceBehavior [ RunTime:0.001000s ]
INFO: [ template_filter ] --END-- [ RunTime:0.001000s ]
INFO: Run Behavior\ParseTemplateBehavior [ RunTime:0.011000s ]
INFO: [ view_parse ] --END-- [ RunTime:0.011000s ]
INFO: [ view_filter ] --START--
INFO: Run Behavior\WriteHtmlCacheBehavior [ RunTime:0.000000s ]
INFO: [ view_filter ] --END-- [ RunTime:0.000000s ]
INFO: [ app_end ] --START--
INFO: Run Behavior\ShowPageTraceBehavior [ RunTime:0.001000s ]
INFO: [ app_end ] --END-- [ RunTime:0.001000s ]

[ 2015-06-07T23:31:07+08:00 ] 192.168.0.106 /index.php/pppp44/server/pid/44/qid/24/o_system/android/...?ver=2.0.0
INFO: [ app_init ] --START--
INFO: Run Behavior\BuildLiteBehavior [ RunTime:0.000000s ]
INFO: [ app_init ] --END-- [ RunTime:0.001000s ]
INFO: [ app_begin ] --START--
INFO: Run Behavior\ReadHtmlCacheBehavior [ RunTime:0.001000s ]
INFO: [ app_begin ] --END-- [ RunTime:0.001000s ]
NOTIC: [2] session_start(): open(C:\Windows\TEMP\sess_unl16s7fhlg6o575hfnu30pjr6, O_RDWR) failed: Permission denied (13) E:\web\xzns\ThinkPHP\Common\functions.php 第 1263 行.
SQL: SHOW COLUMNS FROM `configure` [ RunTime:0.0020s ]
SQL: SELECT * FROM `configure` LIMIT 1   [ RunTime:0.0000s ]
SQL: SHOW COLUMNS FROM `servers` [ RunTime:0.0020s ]
SQL: SELECT * FROM `servers` WHERE `type` = 'android' AND `status` = 1  [ RunTime:0.0010s ]

[ 2015-06-07T23:31:49+08:00 ] 192.168.0.119 /index.php/pppp44/server/pid/44/qid/24/o_system/android/...?ver=2.0.0
INFO: [ app_init ] --START--
INFO: Run Behavior\BuildLiteBehavior [ RunTime:0.000000s ]
INFO: [ app_init ] --END-- [ RunTime:0.001000s ]
INFO: [ app_begin ] --START--
INFO: Run Behavior\ReadHtmlCacheBehavior [ RunTime:0.001000s ]
INFO: [ app_begin ] --END-- [ RunTime:0.001000s ]
NOTIC: [2] session_start(): open(C:\Windows\TEMP\sess_t8i5v8lf572fprerro138ogbo3, O_RDWR) failed: Permission denied (13) E:\web\xzns\ThinkPHP\Common\functions.php 第 1263 行.
SQL: SHOW COLUMNS FROM `configure` [ RunTime:0.0020s ]
SQL: SHOW COLUMNS FROM `servers` [ RunTime:0.0030s ]

